API endpoint: http://localhost:8080
If you are using a library that supports the FIRESTORE_EMULATOR_HOST environment variable, run:

   export FIRESTORE_EMULATOR_HOST=localhost:8080

Dev App Server is now running.

Apr 10, 2021 12:49:00 PM io.gapi.emulators.netty.HttpVersionRoutingHandler channelRead
INFO: Detected non-HTTP/2 connection.
Apr 10, 2021 12:49:00 PM io.gapi.emulators.netty.HttpVersionRoutingHandler channelRead
INFO: Detected HTTP/2 connection.
Apr 10, 2021 12:49:01 PM io.gapi.emulators.netty.HttpVersionRoutingHandler channelRead
INFO: Detected non-HTTP/2 connection.
Apr 10, 2021 12:49:01 PM io.gapi.emulators.netty.HttpVersionRoutingHandler channelRead
INFO: Detected HTTP/2 connection.
Apr 10, 2021 12:49:01 PM com.google.cloud.datastore.emulator.impl.util.WrappedStreamObserver onError
INFO: operation failed: 
Property role is undefined on object. for 'create' @ L48
com.google.cloud.datastore.core.exception.DatastoreException: 
Property role is undefined on object. for 'create' @ L48
	at com.google.cloud.datastore.core.exception.DatastoreException$Builder.build(DatastoreException.java:111)
	at com.google.cloud.datastore.emulator.impl.rules.EmulatorRulesAuthorizer.verboseError(EmulatorRulesAuthorizer.java:288)
	at com.google.cloud.datastore.emulator.impl.rules.EmulatorRulesAuthorizer.withVerboseErrors(EmulatorRulesAuthorizer.java:265)
	at com.google.cloud.datastore.emulator.impl.rules.EmulatorRulesAuthorizer.checkCommit(EmulatorRulesAuthorizer.java:117)
	at com.google.cloud.datastore.emulator.impl.CloudFirestoreV1.commitHelper(CloudFirestoreV1.java:817)
	at com.google.cloud.datastore.emulator.impl.CloudFirestoreV1.internalCommit(CloudFirestoreV1.java:731)
	at com.google.cloud.datastore.emulator.impl.CloudFirestoreV1.internalCommit(CloudFirestoreV1.java:715)
	at com.google.cloud.datastore.emulator.impl.CloudFirestoreV1.write(CloudFirestoreV1.java:704)
	at com.google.cloud.datastore.emulator.impl.CloudFirestoreV1WriteStream.handleRequest(CloudFirestoreV1WriteStream.java:208)
	at com.google.cloud.datastore.emulator.impl.CloudFirestoreV1WriteStream.write(CloudFirestoreV1WriteStream.java:136)
	at com.google.cloud.datastore.emulator.impl.CloudFirestoreV1WriteStream.onNext(CloudFirestoreV1WriteStream.java:92)
	at com.google.cloud.datastore.emulator.impl.CloudFirestoreV1WriteStream.onNext(CloudFirestoreV1WriteStream.java:25)
	at io.grpc.stub.ServerCalls$StreamingServerCallHandler$StreamingServerCallListener.onMessage(ServerCalls.java:255)
	at io.grpc.ForwardingServerCallListener.onMessage(ForwardingServerCallListener.java:33)
	at io.grpc.Contexts$ContextualizedServerCallListener.onMessage(Contexts.java:76)
	at io.grpc.ForwardingServerCallListener.onMessage(ForwardingServerCallListener.java:33)
	at io.grpc.Contexts$ContextualizedServerCallListener.onMessage(Contexts.java:76)
	at io.grpc.internal.ServerCallImpl$ServerStreamListenerImpl.messagesAvailableInternal(ServerCallImpl.java:309)
	at io.grpc.internal.ServerCallImpl$ServerStreamListenerImpl.messagesAvailable(ServerCallImpl.java:292)
	at io.grpc.internal.ServerImpl$JumpToApplicationThreadServerStreamListener$1MessagesAvailable.runInContext(ServerImpl.java:765)
	at io.grpc.internal.ContextRunnable.run(ContextRunnable.java:37)
	at io.grpc.internal.SerializingExecutor.run(SerializingExecutor.java:123)
	at java.util.concurrent.ThreadPoolExecutor.runWorker(ThreadPoolExecutor.java:1149)
	at java.util.concurrent.ThreadPoolExecutor$Worker.run(ThreadPoolExecutor.java:624)
	at java.lang.Thread.run(Thread.java:748)
Caused by: com.google.firebase.rules.runtime.common.EvaluationException: Error:  line [9], column [13]. Property role is undefined on object.
	at com.google.firebase.rules.runtime.impl.DefaultEvaluator$TransformEvaluationException.apply(DefaultEvaluator.java:292)
	at com.google.firebase.rules.runtime.impl.DefaultEvaluator$TransformEvaluationException.apply(DefaultEvaluator.java:277)
	at com.google.common.util.concurrent.AbstractCatchingFuture$AsyncCatchingFuture.doFallback(AbstractCatchingFuture.java:192)
	at com.google.common.util.concurrent.AbstractCatchingFuture$AsyncCatchingFuture.doFallback(AbstractCatchingFuture.java:179)
	at com.google.common.util.concurrent.AbstractCatchingFuture.run(AbstractCatchingFuture.java:124)
	at com.google.common.util.concurrent.DirectExecutor.execute(DirectExecutor.java:30)
	at com.google.common.util.concurrent.AbstractFuture.executeListener(AbstractFuture.java:1219)
	at com.google.common.util.concurrent.AbstractFuture.addListener(AbstractFuture.java:727)
	at com.google.common.util.concurrent.FluentFuture$TrustedFuture.addListener(FluentFuture.java:117)
	at com.google.common.util.concurrent.AbstractCatchingFuture.create(AbstractCatchingFuture.java:51)
	at com.google.common.util.concurrent.Futures.catchingAsync(Futures.java:401)
	at com.google.firebase.rules.runtime.impl.DefaultEvaluator.evaluate(DefaultEvaluator.java:193)
	at com.google.cloud.datastore.emulator.impl.rules.EmulatorRuleClient$EmulatorRuleEvaluator.evaluate(EmulatorRuleClient.java:91)
	at com.google.cloud.datastore.emulator.impl.rules.EmulatorRuleClient$EmulatorRuleEvaluator.evaluate(EmulatorRuleClient.java:81)
	at com.google.cloud.datastore.core.auth.rules.SinglePhaseRulesAuthorizer.evaluate(SinglePhaseRulesAuthorizer.java:475)
	at com.google.cloud.datastore.core.auth.rules.SinglePhaseRulesAuthorizer.access$200(SinglePhaseRulesAuthorizer.java:80)
	at com.google.cloud.datastore.core.auth.rules.SinglePhaseRulesAuthorizer$CommitAuthorizerImpl.checkAccess(SinglePhaseRulesAuthorizer.java:702)
	at com.google.cloud.datastore.emulator.impl.rules.EmulatorRulesAuthorizer.lambda$checkCommit$0(EmulatorRulesAuthorizer.java:125)
	at com.google.cloud.datastore.emulator.impl.rules.EmulatorRulesAuthorizer.withVerboseErrors(EmulatorRulesAuthorizer.java:260)
	... 22 more

Apr 10, 2021 12:49:01 PM io.gapi.emulators.netty.HttpVersionRoutingHandler channelRead
INFO: Detected non-HTTP/2 connection.
Apr 10, 2021 12:49:01 PM io.gapi.emulators.netty.HttpVersionRoutingHandler channelRead
INFO: Detected non-HTTP/2 connection.
Apr 10, 2021 12:49:01 PM io.gapi.emulators.netty.HttpVersionRoutingHandler channelRead
INFO: Detected non-HTTP/2 connection.
*** shutting down gRPC server since JVM is shutting down
*** server shut down
